c:\users\necryotiks\documents\git_repos\122-final-project\final_project\final_project\debug\vc140.pdb
c:\users\necryotiks\documents\git_repos\122-final-project\final_project\final_project\debug\vc140.idb
c:\users\necryotiks\documents\git_repos\122-final-project\final_project\final_project\debug\creature.obj
c:\users\necryotiks\documents\git_repos\122-final-project\final_project\final_project\debug\main.obj
c:\users\necryotiks\documents\git_repos\122-final-project\final_project\final_project\debug\playercharacter.obj
c:\users\necryotiks\documents\git_repos\122-final-project\final_project\final_project\debug\floor.obj
c:\users\necryotiks\documents\git_repos\122-final-project\final_project\final_project\debug\tower.obj
c:\users\necryotiks\documents\git_repos\122-final-project\final_project\final_project\debug\boss.obj
c:\users\necryotiks\documents\git_repos\122-final-project\final_project\final_project\debug\animation.obj
c:\users\necryotiks\documents\git_repos\122-final-project\final_project\final_project\debug\animatedsprite.obj
c:\users\necryotiks\documents\git_repos\122-final-project\final_project\final_project\debug\source.obj
c:\users\necryotiks\documents\git_repos\122-final-project\final_project\final_project\debug\tile.obj
c:\users\necryotiks\documents\git_repos\122-final-project\final_project\debug\final_project.ilk
c:\users\necryotiks\documents\git_repos\122-final-project\final_project\debug\final_project.exe
c:\users\necryotiks\documents\git_repos\122-final-project\final_project\debug\final_project.pdb
c:\users\necryotiks\documents\git_repos\122-final-project\final_project\final_project\debug\encounter.obj
c:\users\necryotiks\documents\git_repos\122-final-project\final_project\final_project\debug\events.obj
c:\users\necryotiks\documents\git_repos\122-final-project\final_project\final_project\debug\item.obj
c:\users\necryotiks\documents\git_repos\122-final-project\final_project\final_project\debug\final_project.tlog\cl.command.1.tlog
c:\users\necryotiks\documents\git_repos\122-final-project\final_project\final_project\debug\final_project.tlog\cl.read.1.tlog
c:\users\necryotiks\documents\git_repos\122-final-project\final_project\final_project\debug\final_project.tlog\cl.write.1.tlog
c:\users\necryotiks\documents\git_repos\122-final-project\final_project\final_project\debug\final_project.tlog\link-cvtres.read.1.tlog
c:\users\necryotiks\documents\git_repos\122-final-project\final_project\final_project\debug\final_project.tlog\link-cvtres.write.1.tlog
c:\users\necryotiks\documents\git_repos\122-final-project\final_project\final_project\debug\final_project.tlog\link-rc.read.1.tlog
c:\users\necryotiks\documents\git_repos\122-final-project\final_project\final_project\debug\final_project.tlog\link-rc.write.1.tlog
c:\users\necryotiks\documents\git_repos\122-final-project\final_project\final_project\debug\final_project.tlog\link.command.1.tlog
c:\users\necryotiks\documents\git_repos\122-final-project\final_project\final_project\debug\final_project.tlog\link.read.1.tlog
c:\users\necryotiks\documents\git_repos\122-final-project\final_project\final_project\debug\final_project.tlog\link.write.1.tlog
